<?xml version="1.0" encoding="UTF-8"?>
<!-- Generated by org.testng.reporters.JUnitReportReporter -->
<testsuite hostname="DESKTOP-9AK86N4" failures="0" tests="3" name="Tests.UserRegistrationTestWithJavaFaker" time="9.883" errors="0" timestamp="2020-10-07T12:37:16 EET" skipped="0">
  <testcase classname="Tests.UserRegistrationTestWithJavaFaker" name="UserCanRegisterSuccssfully" time="5.218"/>
  <system-out/>
  <testcase classname="Tests.UserRegistrationTestWithJavaFaker" name="RegisteredUserCanLogout" time="1.888"/>
  <system-out/>
  <testcase classname="Tests.UserRegistrationTestWithJavaFaker" name="RegisteredUserCanLogin" time="2.777"/>
  <system-out/>
</testsuite> <!-- Tests.UserRegistrationTestWithJavaFaker -->
