<?xml version="1.0" encoding="UTF-8"?>
<!-- Generated by org.testng.reporters.JUnitReportReporter -->
<testsuite hostname="DESKTOP-9AK86N4" failures="0" tests="1" name="Tests.ProductHoverMenuTest" time="1.346" errors="0" timestamp="2020-10-13T11:57:41 EET" skipped="0">
  <testcase classname="Tests.ProductHoverMenuTest" name="UserCanSelectSubCategoryFromMainMenu" time="1.346"/>
  <system-out/>
</testsuite> <!-- Tests.ProductHoverMenuTest -->
