<?xml version="1.0" encoding="UTF-8"?>
<!-- Generated by org.testng.reporters.JUnitReportReporter -->
<testsuite hostname="DESKTOP-9AK86N4" failures="0" tests="3" name="Tests.UserRegistrationTestWithJavaFaker" time="14.890" errors="0" timestamp="2020-10-06T15:07:58 EET" skipped="0">
  <testcase classname="Tests.UserRegistrationTestWithJavaFaker" name="RegisteredUserCanLogin" time="7.411"/>
  <system-out/>
  <testcase classname="Tests.UserRegistrationTestWithJavaFaker" name="RegisteredUserCanLogout" time="1.944"/>
  <system-out/>
  <testcase classname="Tests.UserRegistrationTestWithJavaFaker" name="UserCanRegisterSuccssfully" time="5.535"/>
  <system-out/>
</testsuite> <!-- Tests.UserRegistrationTestWithJavaFaker -->
