<?xml version="1.0" encoding="UTF-8"?>
<!-- Generated by org.testng.reporters.JUnitReportReporter -->
<testsuite hostname="DESKTOP-9AK86N4" failures="0" tests="3" name="Tests.UserRegistrationTestWithJavaFaker" time="11.588" errors="0" timestamp="2020-10-07T12:54:45 EET" skipped="0">
  <testcase classname="Tests.UserRegistrationTestWithJavaFaker" name="UserCanRegisterSuccssfully" time="3.620"/>
  <system-out/>
  <testcase classname="Tests.UserRegistrationTestWithJavaFaker" name="RegisteredUserCanLogout" time="1.163"/>
  <system-out/>
  <testcase classname="Tests.UserRegistrationTestWithJavaFaker" name="RegisteredUserCanLogin" time="6.805"/>
  <system-out/>
</testsuite> <!-- Tests.UserRegistrationTestWithJavaFaker -->
