<?xml version="1.0" encoding="UTF-8"?>
<!-- Generated by org.testng.reporters.JUnitReportReporter -->
<testsuite hostname="DESKTOP-9AK86N4" failures="0" tests="3" name="Tests.AddProductToWishListTest" time="8.803" errors="0" timestamp="2020-10-04T18:13:47 EET" skipped="0">
  <testcase classname="Tests.AddProductToWishListTest" name="UserCanSearchForProductsWithAutoSuggest" time="4.588"/>
  <system-out/>
  <testcase classname="Tests.AddProductToWishListTest" name="UserCanAddProductToWishlist" time="2.822"/>
  <system-out/>
  <testcase classname="Tests.AddProductToWishListTest" name="UserCanRemoveProductFromCart" time="1.393"/>
  <system-out/>
</testsuite> <!-- Tests.AddProductToWishListTest -->
