<?xml version="1.0" encoding="UTF-8"?>
<!-- Generated by org.testng.reporters.JUnitReportReporter -->
<testsuite hostname="DESKTOP-9AK86N4" failures="0" tests="1" name="Tests.SearchProductTest" time="3.442" errors="0" timestamp="2020-10-13T12:27:56 EET" skipped="0">
  <testcase classname="Tests.SearchProductTest" name="UserCanSearchForProducts" time="3.442"/>
  <system-out/>
</testsuite> <!-- Tests.SearchProductTest -->
