<?xml version="1.0" encoding="UTF-8"?>
<!-- Generated by org.testng.reporters.JUnitReportReporter -->
<testsuite hostname="DESKTOP-9AK86N4" failures="0" tests="3" name="Tests.UserRegistrationTestWithJavaFaker" time="10.760" errors="0" timestamp="2020-10-13T12:27:56 EET" skipped="0">
  <testcase classname="Tests.UserRegistrationTestWithJavaFaker" name="UserCanRegisterSuccssfully" time="5.499"/>
  <system-out/>
  <testcase classname="Tests.UserRegistrationTestWithJavaFaker" name="RegisteredUserCanLogout" time="2.566"/>
  <system-out/>
  <testcase classname="Tests.UserRegistrationTestWithJavaFaker" name="RegisteredUserCanLogin" time="2.695"/>
  <system-out/>
</testsuite> <!-- Tests.UserRegistrationTestWithJavaFaker -->
