<?xml version="1.0" encoding="UTF-8"?>
<!-- Generated by org.testng.reporters.JUnitReportReporter -->
<testsuite hostname="DESKTOP-9AK86N4" failures="0" tests="3" name="Tests.UserRegistrationTest" time="20.051" errors="0" timestamp="2020-10-05T14:16:49 EET" skipped="0">
  <testcase classname="Tests.UserRegistrationTest" name="UserCanRegisterSuccssfully" time="6.102"/>
  <system-out/>
  <testcase classname="Tests.UserRegistrationTest" name="RegisteredUserCanLogout" time="3.364"/>
  <system-out/>
  <testcase classname="Tests.UserRegistrationTest" name="RegisteredUserCanLogin" time="10.585"/>
  <system-out/>
</testsuite> <!-- Tests.UserRegistrationTest -->
