<?xml version="1.0" encoding="UTF-8"?>
<!-- Generated by org.testng.reporters.JUnitReportReporter -->
<testsuite hostname="DESKTOP-9AK86N4" failures="0" tests="3" name="Tests.UserRegistrationTestWithJavaFaker" time="21.130" errors="0" timestamp="2020-10-13T11:57:41 EET" skipped="0">
  <testcase classname="Tests.UserRegistrationTestWithJavaFaker" name="UserCanRegisterSuccssfully" time="5.361"/>
  <system-out/>
  <testcase classname="Tests.UserRegistrationTestWithJavaFaker" name="RegisteredUserCanLogout" time="2.425"/>
  <system-out/>
  <testcase classname="Tests.UserRegistrationTestWithJavaFaker" name="RegisteredUserCanLogin" time="13.344"/>
  <system-out/>
</testsuite> <!-- Tests.UserRegistrationTestWithJavaFaker -->
