<?xml version="1.0" encoding="UTF-8"?>
<!-- Generated by org.testng.reporters.JUnitReportReporter -->
<testsuite hostname="DESKTOP-9AK86N4" failures="0" tests="1" name="Tests.SearchProductTest" time="3.238" errors="0" timestamp="2020-10-07T12:54:45 EET" skipped="0">
  <testcase classname="Tests.SearchProductTest" name="UserCanSearchForProducts" time="3.238"/>
  <system-out/>
</testsuite> <!-- Tests.SearchProductTest -->
